<?xml version="1.0" encoding="UTF-8"?>
<!DOCTYPE article PUBLIC "-//OASIS//DTD DocBook XML V4.1.2//EN" "http://www.oasis-open.org/docbook/xml/4.1.2/docbookx.dtd">
<article lang="fr-FR"><sect1><title>Test</title>
<para/>
<para/>
<para>This is a test </para>
<para/>
<para/>
<informaltable frame="all">
<tgroup cols="5">
<colspec colnum="1" colname="c1"/>
<colspec colnum="2" colname="c2"/>
<colspec colnum="3" colname="c3"/>
<colspec colnum="4" colname="c4"/>
<colspec colnum="5" colname="c5"/>
<thead>
<row>
<entry>
<para>Col1</para>
</entry>
<entry>
<para>Col2</para>
</entry>
<entry>
<para>Col3</para>
</entry>
<entry>
<para>Col4</para>
</entry>
</row>
</thead><tbody>
<row>
<entry>
<para>kklkl</para>
</entry>
<entry>
<para>kkk</para>
</entry>
<entry>
<para>klkl</para>
</entry>
<entry>
<para>kp</para>
</entry>
</row></tbody></tgroup>
</informaltable>
<para/></sect1></article>
